[debug] [2025-06-06T12:25:24.355Z] ----------------------------------------------------------------------
[debug] [2025-06-06T12:25:24.356Z] Command:       /usr/local/bin/node /usr/local/bin/firebase init
[debug] [2025-06-06T12:25:24.356Z] CLI Version:   14.6.0
[debug] [2025-06-06T12:25:24.356Z] Platform:      darwin
[debug] [2025-06-06T12:25:24.356Z] Node Version:  v22.12.0
[debug] [2025-06-06T12:25:24.356Z] Time:          Fri Jun 06 2025 21:25:24 GMT+0900 (대한민국 표준시)
[debug] [2025-06-06T12:25:24.356Z] ----------------------------------------------------------------------
[debug] 
[debug] [2025-06-06T12:25:24.359Z] > command requires scopes: ["email","openid","https://www.googleapis.com/auth/cloudplatformprojects.readonly","https://www.googleapis.com/auth/firebase","https://www.googleapis.com/auth/cloud-platform"]
[debug] [2025-06-06T12:25:24.359Z] > authorizing via signed-in user (hwawolhw@gmail.com)
[info] 
     ######## #### ########  ######## ########     ###     ######  ########
     ##        ##  ##     ## ##       ##     ##  ##   ##  ##       ##
     ######    ##  ########  ######   ########  #########  ######  ######
     ##        ##  ##    ##  ##       ##     ## ##     ##       ## ##
     ##       #### ##     ## ######## ########  ##     ##  ######  ########

You're about to initialize a Firebase project in this directory:

  /Users/subeen/dicegame

[info] 
=== Project Setup
[info] 
[info] First, let's associate this project directory with a Firebase project.
[info] You can create multiple project aliases by running firebase use --add, 
[info] but for now we'll just set up a default project.
[info] 
[debug] [2025-06-06T12:25:41.102Z] Checked if tokens are valid: true, expires at: 1749216267121
[debug] [2025-06-06T12:25:41.102Z] Checked if tokens are valid: true, expires at: 1749216267121
[debug] [2025-06-06T12:25:41.104Z] >>> [apiv2][query] GET https://firebase.googleapis.com/v1beta1/projects pageSize=100
[debug] [2025-06-06T12:25:41.885Z] <<< [apiv2][status] GET https://firebase.googleapis.com/v1beta1/projects 200
[debug] [2025-06-06T12:25:41.885Z] <<< [apiv2][body] GET https://firebase.googleapis.com/v1beta1/projects [omitted]
[info] i  Using project dice-f2e91 (dice) 
[info] 
=== Hosting Setup
[debug] [2025-06-06T12:25:44.767Z] Checked if tokens are valid: true, expires at: 1749216267121
[debug] [2025-06-06T12:25:44.767Z] Checked if tokens are valid: true, expires at: 1749216267121
[debug] [2025-06-06T12:25:44.767Z] >>> [apiv2][query] GET https://firebase.googleapis.com/v1beta1/projects/dice-f2e91 [none]
[debug] [2025-06-06T12:25:45.159Z] <<< [apiv2][status] GET https://firebase.googleapis.com/v1beta1/projects/dice-f2e91 200
[debug] [2025-06-06T12:25:45.159Z] <<< [apiv2][body] GET https://firebase.googleapis.com/v1beta1/projects/dice-f2e91 {"projectId":"dice-f2e91","projectNumber":"183613015939","displayName":"dice","name":"projects/dice-f2e91","resources":{"hostingSite":"dice-f2e91"},"state":"ACTIVE","etag":"1_03421965-e2c3-4cd0-959d-30ba13981a09"}
[info] 
[info] Your public directory is the folder (relative to your project directory) that
[info] will contain Hosting assets to be uploaded with firebase deploy. If you
[info] have a build process for your assets, use your build's output directory.
[info] 
[debug] [2025-06-06T12:25:52.158Z] >>> [apiv2][query] GET https://www.gstatic.com/firebasejs/releases.json [none]
[debug] [2025-06-06T12:25:52.499Z] <<< [apiv2][status] GET https://www.gstatic.com/firebasejs/releases.json 200
[debug] [2025-06-06T12:25:52.500Z] <<< [apiv2][body] GET https://www.gstatic.com/firebasejs/releases.json {"current":{"version":"11.9.0","browserURL":"https://www.gstatic.com/firebasejs/11.9.0/firebase.js","packageURL":"https://www.gstatic.com/firebasejs/11.9.0/firebase.tgz"},"live":{"version":"11.9","browserURL":"https://www.gstatic.com/firebasejs/live/11.9/firebase.js","packageURL":"https://www.gstatic.com/firebasejs/live/11.9/firebase.tgz"},"components":{"ai":"https://www.gstatic.com/firebasejs/11.9.0/firebase-ai.js","analytics":"https://www.gstatic.com/firebasejs/11.9.0/firebase-analytics.js","app":"https://www.gstatic.com/firebasejs/11.9.0/firebase-app.js","app-check":"https://www.gstatic.com/firebasejs/11.9.0/firebase-app-check.js","auth":"https://www.gstatic.com/firebasejs/11.9.0/firebase-auth.js","auth/cordova":"https://www.gstatic.com/firebasejs/11.9.0/firebase-auth/cordova.js","auth/web-extension":"https://www.gstatic.com/firebasejs/11.9.0/firebase-auth/web-extension.js","functions":"https://www.gstatic.com/firebasejs/11.9.0/firebase-functions.js","firestore":"https://www.gstatic.com/firebasejs/11.9.0/firebase-firestore.js","firestore/lite":"https://www.gstatic.com/firebasejs/11.9.0/firebase-firestore/lite.js","installations":"https://www.gstatic.com/firebasejs/11.9.0/firebase-installations.js","storage":"https://www.gstatic.com/firebasejs/11.9.0/firebase-storage.js","performance":"https://www.gstatic.com/firebasejs/11.9.0/firebase-performance.js","remote-config":"https://www.gstatic.com/firebasejs/11.9.0/firebase-remote-config.js","messaging":"https://www.gstatic.com/firebasejs/11.9.0/firebase-messaging.js","messaging/sw":"https://www.gstatic.com/firebasejs/11.9.0/firebase-messaging/sw.js","database":"https://www.gstatic.com/firebasejs/11.9.0/firebase-database.js","vertexai":"https://www.gstatic.com/firebasejs/11.9.0/firebase-vertexai.js","data-connect":"https://www.gstatic.com/firebasejs/11.9.0/firebase-data-connect.js","firestore.memory":"https://www.gstatic.com/firebasejs/11.9.0/firebase-firestore.memory.js"}}
[debug] [2025-06-06T12:28:34.188Z] ExitPromptError: User force closed the prompt with SIGINT
    at Interface.sigint (/usr/local/lib/node_modules/firebase-tools/node_modules/@inquirer/core/dist/commonjs/lib/create-prompt.js:101:37)
    at Interface.emit (node:events:524:28)
    at Interface.emit (node:domain:489:12)
    at [_ttyWrite] [as _ttyWrite] (node:internal/readline/interface:1124:18)
    at ReadStream.onkeypress (node:internal/readline/interface:263:20)
    at ReadStream.emit (node:events:536:35)
    at ReadStream.emit (node:domain:489:12)
    at emitKeys (node:internal/readline/utils:370:14)
    at emitKeys.next (<anonymous>)
    at ReadStream.onData (node:internal/readline/emitKeypressEvents:64:36)
[error] 
[error] Error: An unexpected error has occurred.
